# JRE version: OpenJDK Runtime Environment (11.0.10) (build 11.0.10+0-b96-7249189)
# Java VM: OpenJDK 64-Bit Server VM (11.0.10+0-b96-7249189, mixed mode, tiered, compressed oops, g1 gc, windows-amd64)
Heap:
 garbage-first heap   total 591872K, used 229619K [0x0000000080000000, 0x0000000100000000)
  region size 1024K, 11 young (11264K), 5 survivors (5120K)
 Metaspace       used 97454K, capacity 99911K, committed 100208K, reserved 1136640K
  class space    used 12677K, capacity 13583K, committed 13644K, reserved 1048576K
GC Heap History (20 events):
Event: 54.369 GC heap before
{Heap before GC invocations=44 (full 0):
 garbage-first heap   total 231424K, used 102126K [0x0000000080000000, 0x0000000100000000)
  region size 1024K, 11 young (11264K), 8 survivors (8192K)
 Metaspace       used 89112K, capacity 91288K, committed 91632K, reserved 1128448K
  class space    used 11366K, capacity 12139K, committed 12236K, reserved 1048576K
}
Event: 54.396 GC heap after
{Heap after GC invocations=45 (full 0):
 garbage-first heap   total 231424K, used 95699K [0x0000000080000000, 0x0000000100000000)
  region size 1024K, 1 young (1024K), 1 survivors (1024K)
 Metaspace       used 89112K, capacity 91288K, committed 91632K, reserved 1128448K
  class space    used 11366K, capacity 12139K, committed 12236K, reserved 1048576K
}
Event: 55.720 GC heap before
{Heap before GC invocations=45 (full 0):
 garbage-first heap   total 231424K, used 125395K [0x0000000080000000, 0x0000000100000000)
  region size 1024K, 24 young (24576K), 1 survivors (1024K)
 Metaspace       used 89533K, capacity 91709K, committed 91888K, reserved 1128448K
  class space    used 11414K, capacity 12190K, committed 12236K, reserved 1048576K
}
Event: 55.738 GC heap after
{Heap after GC invocations=46 (full 0):
 garbage-first heap   total 231424K, used 111008K [0x0000000080000000, 0x0000000100000000)
  region size 1024K, 8 young (8192K), 8 survivors (8192K)
 Metaspace       used 89533K, capacity 91709K, committed 91888K, reserved 1128448K
  class space    used 11414K, capacity 12190K, committed 12236K, reserved 1048576K
}
Event: 58.036 GC heap before
{Heap before GC invocations=47 (full 0):
 garbage-first heap   total 231424K, used 193952K [0x0000000080000000, 0x0000000100000000)
  region size 1024K, 64 young (65536K), 8 survivors (8192K)
 Metaspace       used 92316K, capacity 94541K, committed 94576K, reserved 1132544K
  class space    used 11810K, capacity 12603K, committed 12620K, reserved 1048576K
}
Event: 58.134 GC heap after
{Heap after GC invocations=48 (full 0):
 garbage-first heap   total 231424K, used 146014K [0x0000000080000000, 0x0000000100000000)
  region size 1024K, 8 young (8192K), 8 survivors (8192K)
 Metaspace       used 92316K, capacity 94541K, committed 94576K, reserved 1132544K
  class space    used 11810K, capacity 12603K, committed 12620K, reserved 1048576K
}
Event: 58.218 GC heap before
{Heap before GC invocations=48 (full 0):
 garbage-first heap   total 231424K, used 149086K [0x0000000080000000, 0x0000000100000000)
  region size 1024K, 11 young (11264K), 8 survivors (8192K)
 Metaspace       used 92316K, capacity 94541K, committed 94576K, reserved 1132544K
  class space    used 11810K, capacity 12603K, committed 12620K, reserved 1048576K
}
Event: 58.279 GC heap after
{Heap after GC invocations=49 (full 0):
 garbage-first heap   total 231424K, used 145408K [0x0000000080000000, 0x0000000100000000)
  region size 1024K, 2 young (2048K), 2 survivors (2048K)
 Metaspace       used 92316K, capacity 94541K, committed 94576K, reserved 1132544K
  class space    used 11810K, capacity 12603K, committed 12620K, reserved 1048576K
}
Event: 60.990 GC heap before
{Heap before GC invocations=49 (full 0):
 garbage-first heap   total 231424K, used 180224K [0x0000000080000000, 0x0000000100000000)
  region size 1024K, 36 young (36864K), 2 survivors (2048K)
 Metaspace       used 94542K, capacity 96822K, committed 96880K, reserved 1132544K
  class space    used 12272K, capacity 13105K, committed 13132K, reserved 1048576K
}
Event: 61.079 GC heap after
{Heap after GC invocations=50 (full 0):
 garbage-first heap   total 295936K, used 159744K [0x0000000080000000, 0x0000000100000000)
  region size 1024K, 5 young (5120K), 5 survivors (5120K)
 Metaspace       used 94542K, capacity 96822K, committed 96880K, reserved 1132544K
  class space    used 12272K, capacity 13105K, committed 13132K, reserved 1048576K
}
Event: 64.009 GC heap before
{Heap before GC invocations=51 (full 0):
 garbage-first heap   total 295936K, used 217088K [0x0000000080000000, 0x0000000100000000)
  region size 1024K, 62 young (63488K), 5 survivors (5120K)
 Metaspace       used 94584K, capacity 96897K, committed 97136K, reserved 1134592K
  class space    used 12272K, capacity 13106K, committed 13132K, reserved 1048576K
}
Event: 64.217 GC heap after
{Heap after GC invocations=52 (full 0):
 garbage-first heap   total 295936K, used 188928K [0x0000000080000000, 0x0000000100000000)
  region size 1024K, 8 young (8192K), 8 survivors (8192K)
 Metaspace       used 94584K, capacity 96897K, committed 97136K, reserved 1134592K
  class space    used 12272K, capacity 13106K, committed 13132K, reserved 1048576K
}
Event: 65.619 GC heap before
{Heap before GC invocations=52 (full 0):
 garbage-first heap   total 295936K, used 226816K [0x0000000080000000, 0x0000000100000000)
  region size 1024K, 46 young (47104K), 8 survivors (8192K)
 Metaspace       used 94594K, capacity 96897K, committed 97136K, reserved 1134592K
  class space    used 12272K, capacity 13106K, committed 13132K, reserved 1048576K
}
Event: 65.873 GC heap after
{Heap after GC invocations=53 (full 0):
 garbage-first heap   total 295936K, used 208384K [0x0000000080000000, 0x0000000100000000)
  region size 1024K, 6 young (6144K), 6 survivors (6144K)
 Metaspace       used 94594K, capacity 96897K, committed 97136K, reserved 1134592K
  class space    used 12272K, capacity 13106K, committed 13132K, reserved 1048576K
}
Event: 67.138 GC heap before
{Heap before GC invocations=53 (full 0):
 garbage-first heap   total 295936K, used 235008K [0x0000000080000000, 0x0000000100000000)
  region size 1024K, 33 young (33792K), 6 survivors (6144K)
 Metaspace       used 96334K, capacity 98653K, committed 98928K, reserved 1134592K
  class space    used 12523K, capacity 13366K, committed 13388K, reserved 1048576K
}
Event: 67.220 GC heap after
{Heap after GC invocations=54 (full 0):
 garbage-first heap   total 295936K, used 216064K [0x0000000080000000, 0x0000000100000000)
  region size 1024K, 5 young (5120K), 5 survivors (5120K)
 Metaspace       used 96334K, capacity 98653K, committed 98928K, reserved 1134592K
  class space    used 12523K, capacity 13366K, committed 13388K, reserved 1048576K
}
Event: 68.429 GC heap before
{Heap before GC invocations=54 (full 0):
 garbage-first heap   total 295936K, used 240640K [0x0000000080000000, 0x0000000100000000)
  region size 1024K, 30 young (30720K), 5 survivors (5120K)
 Metaspace       used 96917K, capacity 99348K, committed 99568K, reserved 1136640K
  class space    used 12618K, capacity 13511K, committed 13516K, reserved 1048576K
}
Event: 68.498 GC heap after
{Heap after GC invocations=55 (full 0):
 garbage-first heap   total 591872K, used 220672K [0x0000000080000000, 0x0000000100000000)
  region size 1024K, 4 young (4096K), 4 survivors (4096K)
 Metaspace       used 96917K, capacity 99348K, committed 99568K, reserved 1136640K
  class space    used 12618K, capacity 13511K, committed 13516K, reserved 1048576K
}
Event: 70.397 GC heap before
{Heap before GC invocations=55 (full 0):
 garbage-first heap   total 591872K, used 264704K [0x0000000080000000, 0x0000000100000000)
  region size 1024K, 47 young (48128K), 4 survivors (4096K)
 Metaspace       used 97446K, capacity 99911K, committed 100208K, reserved 1136640K
  class space    used 12677K, capacity 13583K, committed 13644K, reserved 1048576K
}
Event: 70.449 GC heap after
{Heap after GC invocations=56 (full 0):
 garbage-first heap   total 591872K, used 224499K [0x0000000080000000, 0x0000000100000000)
  region size 1024K, 5 young (5120K), 5 survivors (5120K)
 Metaspace       used 97446K, capacity 99911K, committed 100208K, reserved 1136640K
  class space    used 12677K, capacity 13583K, committed 13644K, reserved 1048576K
}

