# JRE version: OpenJDK Runtime Environment (11.0.10) (build 11.0.10+0-b96-7249189)
# Java VM: OpenJDK 64-Bit Server VM (11.0.10+0-b96-7249189, mixed mode, tiered, compressed oops, g1 gc, windows-amd64)
Heap:
 garbage-first heap   total 724992K, used 284288K [0x0000000080000000, 0x0000000100000000)
  region size 1024K, 13 young (13312K), 13 survivors (13312K)
 Metaspace       used 112047K, capacity 114861K, committed 115068K, reserved 1148928K
  class space    used 13986K, capacity 15061K, committed 15104K, reserved 1048576K
GC Heap History (20 events):
Event: 165.687 GC heap after
{Heap after GC invocations=93 (full 0):
 garbage-first heap   total 279552K, used 143867K [0x0000000080000000, 0x0000000100000000)
  region size 1024K, 2 young (2048K), 2 survivors (2048K)
 Metaspace       used 110293K, capacity 113055K, committed 113276K, reserved 1148928K
  class space    used 13800K, capacity 14818K, committed 14848K, reserved 1048576K
}
Event: 166.839 GC heap before
{Heap before GC invocations=93 (full 0):
 garbage-first heap   total 279552K, used 243195K [0x0000000080000000, 0x0000000100000000)
  region size 1024K, 99 young (101376K), 2 survivors (2048K)
 Metaspace       used 110304K, capacity 113055K, committed 113276K, reserved 1148928K
  class space    used 13800K, capacity 14818K, committed 14848K, reserved 1048576K
}
Event: 166.859 GC heap after
{Heap after GC invocations=94 (full 0):
 garbage-first heap   total 279552K, used 145441K [0x0000000080000000, 0x0000000100000000)
  region size 1024K, 4 young (4096K), 4 survivors (4096K)
 Metaspace       used 110304K, capacity 113055K, committed 113276K, reserved 1148928K
  class space    used 13800K, capacity 14818K, committed 14848K, reserved 1048576K
}
Event: 168.155 GC heap before
{Heap before GC invocations=94 (full 0):
 garbage-first heap   total 279552K, used 244769K [0x0000000080000000, 0x0000000100000000)
  region size 1024K, 99 young (101376K), 4 survivors (4096K)
 Metaspace       used 110331K, capacity 113059K, committed 113276K, reserved 1148928K
  class space    used 13800K, capacity 14818K, committed 14848K, reserved 1048576K
}
Event: 168.205 GC heap after
{Heap after GC invocations=95 (full 0):
 garbage-first heap   total 279552K, used 153486K [0x0000000080000000, 0x0000000100000000)
  region size 1024K, 10 young (10240K), 10 survivors (10240K)
 Metaspace       used 110331K, capacity 113059K, committed 113276K, reserved 1148928K
  class space    used 13800K, capacity 14818K, committed 14848K, reserved 1048576K
}
Event: 168.987 GC heap before
{Heap before GC invocations=95 (full 0):
 garbage-first heap   total 279552K, used 178062K [0x0000000080000000, 0x0000000100000000)
  region size 1024K, 28 young (28672K), 10 survivors (10240K)
 Metaspace       used 110617K, capacity 113298K, committed 113532K, reserved 1148928K
  class space    used 13829K, capacity 14828K, committed 14848K, reserved 1048576K
}
Event: 169.021 GC heap after
{Heap after GC invocations=96 (full 0):
 garbage-first heap   total 279552K, used 151115K [0x0000000080000000, 0x0000000100000000)
  region size 1024K, 4 young (4096K), 4 survivors (4096K)
 Metaspace       used 110617K, capacity 113298K, committed 113532K, reserved 1148928K
  class space    used 13829K, capacity 14828K, committed 14848K, reserved 1048576K
}
Event: 171.167 GC heap before
{Heap before GC invocations=97 (full 0):
 garbage-first heap   total 279552K, used 268875K [0x0000000080000000, 0x0000000100000000)
  region size 1024K, 92 young (94208K), 4 survivors (4096K)
 Metaspace       used 111464K, capacity 114179K, committed 114428K, reserved 1148928K
  class space    used 13924K, capacity 14949K, committed 14976K, reserved 1048576K
}
Event: 171.326 GC heap after
{Heap after GC invocations=98 (full 0):
 garbage-first heap   total 308224K, used 202310K [0x0000000080000000, 0x0000000100000000)
  region size 1024K, 12 young (12288K), 12 survivors (12288K)
 Metaspace       used 111464K, capacity 114179K, committed 114428K, reserved 1148928K
  class space    used 13924K, capacity 14949K, committed 14976K, reserved 1048576K
}
Event: 171.481 GC heap before
{Heap before GC invocations=98 (full 0):
 garbage-first heap   total 308224K, used 205382K [0x0000000080000000, 0x0000000100000000)
  region size 1024K, 15 young (15360K), 12 survivors (12288K)
 Metaspace       used 111488K, capacity 114184K, committed 114428K, reserved 1148928K
  class space    used 13924K, capacity 14949K, committed 14976K, reserved 1048576K
}
Event: 171.581 GC heap after
{Heap after GC invocations=99 (full 0):
 garbage-first heap   total 308224K, used 176128K [0x0000000080000000, 0x0000000100000000)
  region size 1024K, 2 young (2048K), 2 survivors (2048K)
 Metaspace       used 111488K, capacity 114184K, committed 114428K, reserved 1148928K
  class space    used 13924K, capacity 14949K, committed 14976K, reserved 1048576K
}
Event: 171.766 GC heap before
{Heap before GC invocations=99 (full 0):
 garbage-first heap   total 308224K, used 188416K [0x0000000080000000, 0x0000000100000000)
  region size 1024K, 15 young (15360K), 2 survivors (2048K)
 Metaspace       used 111505K, capacity 114250K, committed 114428K, reserved 1148928K
  class space    used 13924K, capacity 14949K, committed 14976K, reserved 1048576K
}
Event: 171.828 GC heap after
{Heap after GC invocations=100 (full 0):
 garbage-first heap   total 478208K, used 180224K [0x0000000080000000, 0x0000000100000000)
  region size 1024K, 2 young (2048K), 2 survivors (2048K)
 Metaspace       used 111505K, capacity 114250K, committed 114428K, reserved 1148928K
  class space    used 13924K, capacity 14949K, committed 14976K, reserved 1048576K
}
Event: 176.172 GC heap before
{Heap before GC invocations=100 (full 0):
 garbage-first heap   total 478208K, used 322560K [0x0000000080000000, 0x0000000100000000)
  region size 1024K, 141 young (144384K), 2 survivors (2048K)
 Metaspace       used 111880K, capacity 114699K, committed 114812K, reserved 1148928K
  class space    used 13979K, capacity 15054K, committed 15104K, reserved 1048576K
}
Event: 176.384 GC heap after
{Heap after GC invocations=101 (full 0):
 garbage-first heap   total 478208K, used 235008K [0x0000000080000000, 0x0000000100000000)
  region size 1024K, 18 young (18432K), 18 survivors (18432K)
 Metaspace       used 111880K, capacity 114699K, committed 114812K, reserved 1148928K
  class space    used 13979K, capacity 15054K, committed 15104K, reserved 1048576K
}
Event: 177.638 GC heap before
{Heap before GC invocations=101 (full 0):
 garbage-first heap   total 478208K, used 311808K [0x0000000080000000, 0x0000000100000000)
  region size 1024K, 91 young (93184K), 18 survivors (18432K)
 Metaspace       used 111930K, capacity 114779K, committed 115068K, reserved 1148928K
  class space    used 13981K, capacity 15058K, committed 15104K, reserved 1048576K
}
Event: 177.794 GC heap after
{Heap after GC invocations=102 (full 0):
 garbage-first heap   total 478208K, used 244736K [0x0000000080000000, 0x0000000100000000)
  region size 1024K, 7 young (7168K), 7 survivors (7168K)
 Metaspace       used 111930K, capacity 114779K, committed 115068K, reserved 1148928K
  class space    used 13981K, capacity 15058K, committed 15104K, reserved 1048576K
}
Event: 179.331 GC heap before
{Heap before GC invocations=102 (full 0):
 garbage-first heap   total 478208K, used 316416K [0x0000000080000000, 0x0000000100000000)
  region size 1024K, 67 young (68608K), 7 survivors (7168K)
 Metaspace       used 111943K, capacity 114780K, committed 115068K, reserved 1148928K
  class space    used 13982K, capacity 15058K, committed 15104K, reserved 1048576K
}
Event: 179.416 GC heap after
{Heap after GC invocations=103 (full 0):
 garbage-first heap   total 478208K, used 259200K [0x0000000080000000, 0x0000000100000000)
  region size 1024K, 6 young (6144K), 6 survivors (6144K)
 Metaspace       used 111943K, capacity 114780K, committed 115068K, reserved 1148928K
  class space    used 13982K, capacity 15058K, committed 15104K, reserved 1048576K
}
Event: 181.257 GC heap before
{Heap before GC invocations=103 (full 0):
 garbage-first heap   total 478208K, used 376960K [0x0000000080000000, 0x0000000100000000)
  region size 1024K, 99 young (101376K), 6 survivors (6144K)
 Metaspace       used 112047K, capacity 114861K, committed 115068K, reserved 1148928K
  class space    used 13986K, capacity 15061K, committed 15104K, reserved 1048576K
}

