# JRE version: OpenJDK Runtime Environment (11.0.10) (build 11.0.10+0-b96-7249189)
# Java VM: OpenJDK 64-Bit Server VM (11.0.10+0-b96-7249189, mixed mode, tiered, compressed oops, g1 gc, windows-amd64)
Heap:
 garbage-first heap   total 192512K, used 142518K [0x0000000080000000, 0x0000000100000000)
  region size 1024K, 31 young (31744K), 4 survivors (4096K)
 Metaspace       used 89844K, capacity 92014K, committed 92156K, reserved 1130496K
  class space    used 11311K, capacity 12064K, committed 12160K, reserved 1048576K
GC Heap History (20 events):
Event: 80.530 GC heap before
{Heap before GC invocations=69 (full 0):
 garbage-first heap   total 192512K, used 105462K [0x0000000080000000, 0x0000000100000000)
  region size 1024K, 4 young (4096K), 3 survivors (3072K)
 Metaspace       used 83710K, capacity 85897K, committed 86268K, reserved 1124352K
  class space    used 10735K, capacity 11522K, committed 11648K, reserved 1048576K
}
Event: 80.553 GC heap after
{Heap after GC invocations=70 (full 0):
 garbage-first heap   total 192512K, used 105078K [0x0000000080000000, 0x0000000100000000)
  region size 1024K, 2 young (2048K), 2 survivors (2048K)
 Metaspace       used 83710K, capacity 85897K, committed 86268K, reserved 1124352K
  class space    used 10735K, capacity 11522K, committed 11648K, reserved 1048576K
}
Event: 81.145 GC heap before
{Heap before GC invocations=71 (full 0):
 garbage-first heap   total 192512K, used 107126K [0x0000000080000000, 0x0000000100000000)
  region size 1024K, 3 young (3072K), 2 survivors (2048K)
 Metaspace       used 83710K, capacity 85897K, committed 86268K, reserved 1124352K
  class space    used 10735K, capacity 11522K, committed 11648K, reserved 1048576K
}
Event: 81.163 GC heap after
{Heap after GC invocations=72 (full 0):
 garbage-first heap   total 192512K, used 106159K [0x0000000080000000, 0x0000000100000000)
  region size 1024K, 2 young (2048K), 2 survivors (2048K)
 Metaspace       used 83710K, capacity 85897K, committed 86268K, reserved 1124352K
  class space    used 10735K, capacity 11522K, committed 11648K, reserved 1048576K
}
Event: 85.582 GC heap before
{Heap before GC invocations=73 (full 0):
 garbage-first heap   total 192512K, used 140975K [0x0000000080000000, 0x0000000100000000)
  region size 1024K, 31 young (31744K), 2 survivors (2048K)
 Metaspace       used 84900K, capacity 87097K, committed 87420K, reserved 1124352K
  class space    used 10889K, capacity 11688K, committed 11776K, reserved 1048576K
}
Event: 85.618 GC heap after
{Heap after GC invocations=74 (full 0):
 garbage-first heap   total 192512K, used 107440K [0x0000000080000000, 0x0000000100000000)
  region size 1024K, 4 young (4096K), 4 survivors (4096K)
 Metaspace       used 84900K, capacity 87097K, committed 87420K, reserved 1124352K
  class space    used 10889K, capacity 11688K, committed 11776K, reserved 1048576K
}
Event: 87.461 GC heap before
{Heap before GC invocations=74 (full 0):
 garbage-first heap   total 192512K, used 140208K [0x0000000080000000, 0x0000000100000000)
  region size 1024K, 36 young (36864K), 4 survivors (4096K)
 Metaspace       used 85972K, capacity 88109K, committed 88316K, reserved 1126400K
  class space    used 11005K, capacity 11788K, committed 11904K, reserved 1048576K
}
Event: 87.507 GC heap after
{Heap after GC invocations=75 (full 0):
 garbage-first heap   total 192512K, used 108144K [0x0000000080000000, 0x0000000100000000)
  region size 1024K, 1 young (1024K), 1 survivors (1024K)
 Metaspace       used 85972K, capacity 88109K, committed 88316K, reserved 1126400K
  class space    used 11005K, capacity 11788K, committed 11904K, reserved 1048576K
}
Event: 89.528 GC heap before
{Heap before GC invocations=76 (full 0):
 garbage-first heap   total 192512K, used 142960K [0x0000000080000000, 0x0000000100000000)
  region size 1024K, 35 young (35840K), 1 survivors (1024K)
 Metaspace       used 85980K, capacity 88109K, committed 88316K, reserved 1126400K
  class space    used 11005K, capacity 11788K, committed 11904K, reserved 1048576K
}
Event: 89.534 GC heap after
{Heap after GC invocations=77 (full 0):
 garbage-first heap   total 192512K, used 108145K [0x0000000080000000, 0x0000000100000000)
  region size 1024K, 1 young (1024K), 1 survivors (1024K)
 Metaspace       used 85980K, capacity 88109K, committed 88316K, reserved 1126400K
  class space    used 11005K, capacity 11788K, committed 11904K, reserved 1048576K
}
Event: 90.502 GC heap before
{Heap before GC invocations=77 (full 0):
 garbage-first heap   total 192512K, used 132721K [0x0000000080000000, 0x0000000100000000)
  region size 1024K, 26 young (26624K), 1 survivors (1024K)
 Metaspace       used 86084K, capacity 88243K, committed 88572K, reserved 1126400K
  class space    used 11013K, capacity 11790K, committed 11904K, reserved 1048576K
}
Event: 90.523 GC heap after
{Heap after GC invocations=78 (full 0):
 garbage-first heap   total 192512K, used 113194K [0x0000000080000000, 0x0000000100000000)
  region size 1024K, 5 young (5120K), 5 survivors (5120K)
 Metaspace       used 86084K, capacity 88243K, committed 88572K, reserved 1126400K
  class space    used 11013K, capacity 11790K, committed 11904K, reserved 1048576K
}
Event: 91.190 GC heap before
{Heap before GC invocations=79 (full 0):
 garbage-first heap   total 192512K, used 114218K [0x0000000080000000, 0x0000000100000000)
  region size 1024K, 6 young (6144K), 5 survivors (5120K)
 Metaspace       used 86084K, capacity 88243K, committed 88572K, reserved 1126400K
  class space    used 11013K, capacity 11790K, committed 11904K, reserved 1048576K
}
Event: 91.210 GC heap after
{Heap after GC invocations=80 (full 0):
 garbage-first heap   total 192512K, used 114504K [0x0000000080000000, 0x0000000100000000)
  region size 1024K, 1 young (1024K), 1 survivors (1024K)
 Metaspace       used 86084K, capacity 88243K, committed 88572K, reserved 1126400K
  class space    used 11013K, capacity 11790K, committed 11904K, reserved 1048576K
}
Event: 91.875 GC heap before
{Heap before GC invocations=81 (full 0):
 garbage-first heap   total 192512K, used 116552K [0x0000000080000000, 0x0000000100000000)
  region size 1024K, 2 young (2048K), 1 survivors (1024K)
 Metaspace       used 86084K, capacity 88243K, committed 88572K, reserved 1126400K
  class space    used 11013K, capacity 11790K, committed 11904K, reserved 1048576K
}
Event: 91.880 GC heap after
{Heap after GC invocations=82 (full 0):
 garbage-first heap   total 192512K, used 114893K [0x0000000080000000, 0x0000000100000000)
  region size 1024K, 1 young (1024K), 1 survivors (1024K)
 Metaspace       used 86084K, capacity 88243K, committed 88572K, reserved 1126400K
  class space    used 11013K, capacity 11790K, committed 11904K, reserved 1048576K
}
Event: 92.606 GC heap before
{Heap before GC invocations=83 (full 0):
 garbage-first heap   total 192512K, used 126157K [0x0000000080000000, 0x0000000100000000)
  region size 1024K, 3 young (3072K), 1 survivors (1024K)
 Metaspace       used 86084K, capacity 88243K, committed 88572K, reserved 1126400K
  class space    used 11013K, capacity 11790K, committed 11904K, reserved 1048576K
}
Event: 92.611 GC heap after
{Heap after GC invocations=84 (full 0):
 garbage-first heap   total 192512K, used 120991K [0x0000000080000000, 0x0000000100000000)
  region size 1024K, 1 young (1024K), 1 survivors (1024K)
 Metaspace       used 86084K, capacity 88243K, committed 88572K, reserved 1126400K
  class space    used 11013K, capacity 11790K, committed 11904K, reserved 1048576K
}
Event: 95.086 GC heap before
{Heap before GC invocations=85 (full 0):
 garbage-first heap   total 192512K, used 148639K [0x0000000080000000, 0x0000000100000000)
  region size 1024K, 28 young (28672K), 1 survivors (1024K)
 Metaspace       used 87524K, capacity 89710K, committed 89852K, reserved 1128448K
  class space    used 11111K, capacity 11872K, committed 11904K, reserved 1048576K
}
Event: 95.099 GC heap after
{Heap after GC invocations=86 (full 0):
 garbage-first heap   total 192512K, used 116918K [0x0000000080000000, 0x0000000100000000)
  region size 1024K, 4 young (4096K), 4 survivors (4096K)
 Metaspace       used 87524K, capacity 89710K, committed 89852K, reserved 1128448K
  class space    used 11111K, capacity 11872K, committed 11904K, reserved 1048576K
}

