# JRE version: OpenJDK Runtime Environment (11.0.10) (build 11.0.10+0-b96-7249189)
# Java VM: OpenJDK 64-Bit Server VM (11.0.10+0-b96-7249189, mixed mode, tiered, compressed oops, g1 gc, windows-amd64)
Heap:
 garbage-first heap   total 557056K, used 392704K [0x0000000080000000, 0x0000000100000000)
  region size 1024K, 140 young (143360K), 5 survivors (5120K)
 Metaspace       used 105177K, capacity 108157K, committed 108324K, reserved 1142784K
  class space    used 13357K, capacity 14495K, committed 14592K, reserved 1048576K
GC Heap History (20 events):
Event: 435.052 GC heap before
{Heap before GC invocations=129 (full 0):
 garbage-first heap   total 452608K, used 373725K [0x0000000080000000, 0x0000000100000000)
  region size 1024K, 171 young (175104K), 21 survivors (21504K)
 Metaspace       used 105101K, capacity 108132K, committed 108324K, reserved 1142784K
  class space    used 13355K, capacity 14491K, committed 14592K, reserved 1048576K
}
Event: 435.099 GC heap after
{Heap after GC invocations=130 (full 0):
 garbage-first heap   total 452608K, used 218443K [0x0000000080000000, 0x0000000100000000)
  region size 1024K, 3 young (3072K), 3 survivors (3072K)
 Metaspace       used 105101K, capacity 108132K, committed 108324K, reserved 1142784K
  class space    used 13355K, capacity 14491K, committed 14592K, reserved 1048576K
}
Event: 436.257 GC heap before
{Heap before GC invocations=130 (full 0):
 garbage-first heap   total 452608K, used 376139K [0x0000000080000000, 0x0000000100000000)
  region size 1024K, 157 young (160768K), 3 survivors (3072K)
 Metaspace       used 105103K, capacity 108132K, committed 108324K, reserved 1142784K
  class space    used 13355K, capacity 14491K, committed 14592K, reserved 1048576K
}
Event: 436.279 GC heap after
{Heap after GC invocations=131 (full 0):
 garbage-first heap   total 452608K, used 219467K [0x0000000080000000, 0x0000000100000000)
  region size 1024K, 4 young (4096K), 4 survivors (4096K)
 Metaspace       used 105103K, capacity 108132K, committed 108324K, reserved 1142784K
  class space    used 13355K, capacity 14491K, committed 14592K, reserved 1048576K
}
Event: 437.357 GC heap before
{Heap before GC invocations=131 (full 0):
 garbage-first heap   total 452608K, used 380235K [0x0000000080000000, 0x0000000100000000)
  region size 1024K, 161 young (164864K), 4 survivors (4096K)
 Metaspace       used 105103K, capacity 108132K, committed 108324K, reserved 1142784K
  class space    used 13355K, capacity 14491K, committed 14592K, reserved 1048576K
}
Event: 437.388 GC heap after
{Heap after GC invocations=132 (full 0):
 garbage-first heap   total 452608K, used 222791K [0x0000000080000000, 0x0000000100000000)
  region size 1024K, 7 young (7168K), 7 survivors (7168K)
 Metaspace       used 105103K, capacity 108132K, committed 108324K, reserved 1142784K
  class space    used 13355K, capacity 14491K, committed 14592K, reserved 1048576K
}
Event: 438.531 GC heap before
{Heap before GC invocations=132 (full 0):
 garbage-first heap   total 452608K, used 383559K [0x0000000080000000, 0x0000000100000000)
  region size 1024K, 164 young (167936K), 7 survivors (7168K)
 Metaspace       used 105111K, capacity 108134K, committed 108324K, reserved 1142784K
  class space    used 13355K, capacity 14491K, committed 14592K, reserved 1048576K
}
Event: 438.564 GC heap after
{Heap after GC invocations=133 (full 0):
 garbage-first heap   total 452608K, used 222539K [0x0000000080000000, 0x0000000100000000)
  region size 1024K, 7 young (7168K), 7 survivors (7168K)
 Metaspace       used 105111K, capacity 108134K, committed 108324K, reserved 1142784K
  class space    used 13355K, capacity 14491K, committed 14592K, reserved 1048576K
}
Event: 439.697 GC heap before
{Heap before GC invocations=133 (full 0):
 garbage-first heap   total 452608K, used 385355K [0x0000000080000000, 0x0000000100000000)
  region size 1024K, 166 young (169984K), 7 survivors (7168K)
 Metaspace       used 105112K, capacity 108134K, committed 108324K, reserved 1142784K
  class space    used 13355K, capacity 14491K, committed 14592K, reserved 1048576K
}
Event: 439.740 GC heap after
{Heap after GC invocations=134 (full 0):
 garbage-first heap   total 452608K, used 225099K [0x0000000080000000, 0x0000000100000000)
  region size 1024K, 9 young (9216K), 9 survivors (9216K)
 Metaspace       used 105112K, capacity 108134K, committed 108324K, reserved 1142784K
  class space    used 13355K, capacity 14491K, committed 14592K, reserved 1048576K
}
Event: 440.987 GC heap before
{Heap before GC invocations=134 (full 0):
 garbage-first heap   total 452608K, used 387915K [0x0000000080000000, 0x0000000100000000)
  region size 1024K, 168 young (172032K), 9 survivors (9216K)
 Metaspace       used 105126K, capacity 108139K, committed 108324K, reserved 1142784K
  class space    used 13355K, capacity 14491K, committed 14592K, reserved 1048576K
}
Event: 441.035 GC heap after
{Heap after GC invocations=135 (full 0):
 garbage-first heap   total 452608K, used 227659K [0x0000000080000000, 0x0000000100000000)
  region size 1024K, 12 young (12288K), 12 survivors (12288K)
 Metaspace       used 105126K, capacity 108139K, committed 108324K, reserved 1142784K
  class space    used 13355K, capacity 14491K, committed 14592K, reserved 1048576K
}
Event: 442.608 GC heap before
{Heap before GC invocations=135 (full 0):
 garbage-first heap   total 452608K, used 390475K [0x0000000080000000, 0x0000000100000000)
  region size 1024K, 170 young (174080K), 12 survivors (12288K)
 Metaspace       used 105153K, capacity 108142K, committed 108324K, reserved 1142784K
  class space    used 13355K, capacity 14491K, committed 14592K, reserved 1048576K
}
Event: 442.666 GC heap after
{Heap after GC invocations=136 (full 0):
 garbage-first heap   total 452608K, used 228356K [0x0000000080000000, 0x0000000100000000)
  region size 1024K, 11 young (11264K), 11 survivors (11264K)
 Metaspace       used 105153K, capacity 108142K, committed 108324K, reserved 1142784K
  class space    used 13355K, capacity 14491K, committed 14592K, reserved 1048576K
}
Event: 443.855 GC heap before
{Heap before GC invocations=136 (full 0):
 garbage-first heap   total 452608K, used 391172K [0x0000000080000000, 0x0000000100000000)
  region size 1024K, 170 young (174080K), 11 survivors (11264K)
 Metaspace       used 105156K, capacity 108143K, committed 108324K, reserved 1142784K
  class space    used 13355K, capacity 14491K, committed 14592K, reserved 1048576K
}
Event: 443.928 GC heap after
{Heap after GC invocations=137 (full 0):
 garbage-first heap   total 452608K, used 232964K [0x0000000080000000, 0x0000000100000000)
  region size 1024K, 16 young (16384K), 16 survivors (16384K)
 Metaspace       used 105156K, capacity 108143K, committed 108324K, reserved 1142784K
  class space    used 13355K, capacity 14491K, committed 14592K, reserved 1048576K
}
Event: 445.266 GC heap before
{Heap before GC invocations=137 (full 0):
 garbage-first heap   total 452608K, used 389636K [0x0000000080000000, 0x0000000100000000)
  region size 1024K, 168 young (172032K), 16 survivors (16384K)
 Metaspace       used 105158K, capacity 108143K, committed 108324K, reserved 1142784K
  class space    used 13355K, capacity 14491K, committed 14592K, reserved 1048576K
}
Event: 445.385 GC heap after
{Heap after GC invocations=138 (full 0):
 garbage-first heap   total 452608K, used 247332K [0x0000000080000000, 0x0000000100000000)
  region size 1024K, 21 young (21504K), 21 survivors (21504K)
 Metaspace       used 105158K, capacity 108143K, committed 108324K, reserved 1142784K
  class space    used 13355K, capacity 14491K, committed 14592K, reserved 1048576K
}
Event: 447.640 GC heap before
{Heap before GC invocations=138 (full 0):
 garbage-first heap   total 452608K, used 381476K [0x0000000080000000, 0x0000000100000000)
  region size 1024K, 152 young (155648K), 21 survivors (21504K)
 Metaspace       used 105160K, capacity 108145K, committed 108324K, reserved 1142784K
  class space    used 13355K, capacity 14491K, committed 14592K, reserved 1048576K
}
Event: 447.793 GC heap after
{Heap after GC invocations=139 (full 0):
 garbage-first heap   total 557056K, used 250368K [0x0000000080000000, 0x0000000100000000)
  region size 1024K, 5 young (5120K), 5 survivors (5120K)
 Metaspace       used 105160K, capacity 108145K, committed 108324K, reserved 1142784K
  class space    used 13355K, capacity 14491K, committed 14592K, reserved 1048576K
}

