# JRE version: OpenJDK Runtime Environment (11.0.10) (build 11.0.10+0-b96-7249189)
# Java VM: OpenJDK 64-Bit Server VM (11.0.10+0-b96-7249189, mixed mode, tiered, compressed oops, g1 gc, windows-amd64)
Heap:
 garbage-first heap   total 564224K, used 273049K [0x0000000080000000, 0x0000000100000000)
  region size 1024K, 10 young (10240K), 10 survivors (10240K)
 Metaspace       used 134865K, capacity 138514K, committed 138624K, reserved 1169408K
  class space    used 16687K, capacity 18001K, committed 18048K, reserved 1048576K
GC Heap History (20 events):
Event: 10091.048 GC heap after
{Heap after GC invocations=189 (full 0):
 garbage-first heap   total 499712K, used 232448K [0x0000000080000000, 0x0000000100000000)
  region size 1024K, 10 young (10240K), 10 survivors (10240K)
 Metaspace       used 134758K, capacity 138357K, committed 138624K, reserved 1169408K
  class space    used 16683K, capacity 17995K, committed 18048K, reserved 1048576K
}
Event: 10092.858 GC heap before
{Heap before GC invocations=189 (full 0):
 garbage-first heap   total 499712K, used 427008K [0x0000000080000000, 0x0000000100000000)
  region size 1024K, 200 young (204800K), 10 survivors (10240K)
 Metaspace       used 134761K, capacity 138421K, committed 138624K, reserved 1169408K
  class space    used 16683K, capacity 17995K, committed 18048K, reserved 1048576K
}
Event: 10092.904 GC heap after
{Heap after GC invocations=190 (full 0):
 garbage-first heap   total 499712K, used 233472K [0x0000000080000000, 0x0000000100000000)
  region size 1024K, 11 young (11264K), 11 survivors (11264K)
 Metaspace       used 134761K, capacity 138421K, committed 138624K, reserved 1169408K
  class space    used 16683K, capacity 17995K, committed 18048K, reserved 1048576K
}
Event: 10094.562 GC heap before
{Heap before GC invocations=190 (full 0):
 garbage-first heap   total 499712K, used 429056K [0x0000000080000000, 0x0000000100000000)
  region size 1024K, 202 young (206848K), 11 survivors (11264K)
 Metaspace       used 134767K, capacity 138425K, committed 138624K, reserved 1169408K
  class space    used 16683K, capacity 17996K, committed 18048K, reserved 1048576K
}
Event: 10094.609 GC heap after
{Heap after GC invocations=191 (full 0):
 garbage-first heap   total 499712K, used 234496K [0x0000000080000000, 0x0000000100000000)
  region size 1024K, 12 young (12288K), 12 survivors (12288K)
 Metaspace       used 134767K, capacity 138425K, committed 138624K, reserved 1169408K
  class space    used 16683K, capacity 17996K, committed 18048K, reserved 1048576K
}
Event: 10096.104 GC heap before
{Heap before GC invocations=191 (full 0):
 garbage-first heap   total 499712K, used 432128K [0x0000000080000000, 0x0000000100000000)
  region size 1024K, 205 young (209920K), 12 survivors (12288K)
 Metaspace       used 134770K, capacity 138426K, committed 138624K, reserved 1169408K
  class space    used 16683K, capacity 17996K, committed 18048K, reserved 1048576K
}
Event: 10096.149 GC heap after
{Heap after GC invocations=192 (full 0):
 garbage-first heap   total 499712K, used 236032K [0x0000000080000000, 0x0000000100000000)
  region size 1024K, 13 young (13312K), 13 survivors (13312K)
 Metaspace       used 134770K, capacity 138426K, committed 138624K, reserved 1169408K
  class space    used 16683K, capacity 17996K, committed 18048K, reserved 1048576K
}
Event: 10097.919 GC heap before
{Heap before GC invocations=192 (full 0):
 garbage-first heap   total 499712K, used 434688K [0x0000000080000000, 0x0000000100000000)
  region size 1024K, 206 young (210944K), 13 survivors (13312K)
 Metaspace       used 134801K, capacity 138431K, committed 138624K, reserved 1169408K
  class space    used 16683K, capacity 17996K, committed 18048K, reserved 1048576K
}
Event: 10097.969 GC heap after
{Heap after GC invocations=193 (full 0):
 garbage-first heap   total 499712K, used 237056K [0x0000000080000000, 0x0000000100000000)
  region size 1024K, 13 young (13312K), 13 survivors (13312K)
 Metaspace       used 134801K, capacity 138431K, committed 138624K, reserved 1169408K
  class space    used 16683K, capacity 17996K, committed 18048K, reserved 1048576K
}
Event: 10099.975 GC heap before
{Heap before GC invocations=193 (full 0):
 garbage-first heap   total 499712K, used 435712K [0x0000000080000000, 0x0000000100000000)
  region size 1024K, 207 young (211968K), 13 survivors (13312K)
 Metaspace       used 134808K, capacity 138432K, committed 138624K, reserved 1169408K
  class space    used 16683K, capacity 17996K, committed 18048K, reserved 1048576K
}
Event: 10100.027 GC heap after
{Heap after GC invocations=194 (full 0):
 garbage-first heap   total 499712K, used 237056K [0x0000000080000000, 0x0000000100000000)
  region size 1024K, 14 young (14336K), 14 survivors (14336K)
 Metaspace       used 134808K, capacity 138432K, committed 138624K, reserved 1169408K
  class space    used 16683K, capacity 17996K, committed 18048K, reserved 1048576K
}
Event: 10101.812 GC heap before
{Heap before GC invocations=194 (full 0):
 garbage-first heap   total 499712K, used 436736K [0x0000000080000000, 0x0000000100000000)
  region size 1024K, 207 young (211968K), 14 survivors (14336K)
 Metaspace       used 134812K, capacity 138432K, committed 138624K, reserved 1169408K
  class space    used 16683K, capacity 17996K, committed 18048K, reserved 1048576K
}
Event: 10101.903 GC heap after
{Heap after GC invocations=195 (full 0):
 garbage-first heap   total 499712K, used 249456K [0x0000000080000000, 0x0000000100000000)
  region size 1024K, 20 young (20480K), 20 survivors (20480K)
 Metaspace       used 134812K, capacity 138432K, committed 138624K, reserved 1169408K
  class space    used 16683K, capacity 17996K, committed 18048K, reserved 1048576K
}
Event: 10103.966 GC heap before
{Heap before GC invocations=195 (full 0):
 garbage-first heap   total 499712K, used 432752K [0x0000000080000000, 0x0000000100000000)
  region size 1024K, 194 young (198656K), 20 survivors (20480K)
 Metaspace       used 134840K, capacity 138436K, committed 138624K, reserved 1169408K
  class space    used 16685K, capacity 17996K, committed 18048K, reserved 1048576K
}
Event: 10104.065 GC heap after
{Heap after GC invocations=196 (full 0):
 garbage-first heap   total 499712K, used 252303K [0x0000000080000000, 0x0000000100000000)
  region size 1024K, 8 young (8192K), 8 survivors (8192K)
 Metaspace       used 134840K, capacity 138436K, committed 138624K, reserved 1169408K
  class space    used 16685K, capacity 17996K, committed 18048K, reserved 1048576K
}
Event: 10105.908 GC heap before
{Heap before GC invocations=196 (full 0):
 garbage-first heap   total 499712K, used 427407K [0x0000000080000000, 0x0000000100000000)
  region size 1024K, 179 young (183296K), 8 survivors (8192K)
 Metaspace       used 134858K, capacity 138514K, committed 138624K, reserved 1169408K
  class space    used 16687K, capacity 18001K, committed 18048K, reserved 1048576K
}
Event: 10105.965 GC heap after
{Heap after GC invocations=197 (full 0):
 garbage-first heap   total 499712K, used 254351K [0x0000000080000000, 0x0000000100000000)
  region size 1024K, 10 young (10240K), 10 survivors (10240K)
 Metaspace       used 134858K, capacity 138514K, committed 138624K, reserved 1169408K
  class space    used 16687K, capacity 18001K, committed 18048K, reserved 1048576K
}
Event: 10107.810 GC heap before
{Heap before GC invocations=197 (full 0):
 garbage-first heap   total 499712K, used 428431K [0x0000000080000000, 0x0000000100000000)
  region size 1024K, 181 young (185344K), 10 survivors (10240K)
 Metaspace       used 134865K, capacity 138514K, committed 138624K, reserved 1169408K
  class space    used 16687K, capacity 18001K, committed 18048K, reserved 1048576K
}
Event: 10107.899 GC heap after
{Heap after GC invocations=198 (full 0):
 garbage-first heap   total 499712K, used 266639K [0x0000000080000000, 0x0000000100000000)
  region size 1024K, 22 young (22528K), 22 survivors (22528K)
 Metaspace       used 134865K, capacity 138514K, committed 138624K, reserved 1169408K
  class space    used 16687K, capacity 18001K, committed 18048K, reserved 1048576K
}
Event: 10109.349 GC heap before
{Heap before GC invocations=198 (full 0):
 garbage-first heap   total 499712K, used 425359K [0x0000000080000000, 0x0000000100000000)
  region size 1024K, 177 young (181248K), 22 survivors (22528K)
 Metaspace       used 134865K, capacity 138514K, committed 138624K, reserved 1169408K
  class space    used 16687K, capacity 18001K, committed 18048K, reserved 1048576K
}

