# JRE version: OpenJDK Runtime Environment (11.0.10) (build 11.0.10+0-b96-7249189)
# Java VM: OpenJDK 64-Bit Server VM (11.0.10+0-b96-7249189, mixed mode, tiered, compressed oops, g1 gc, windows-amd64)
Heap:
 garbage-first heap   total 76800K, used 59134K [0x0000000080000000, 0x0000000100000000)
  region size 1024K, 30 young (30720K), 4 survivors (4096K)
 Metaspace       used 47208K, capacity 48485K, committed 48636K, reserved 1091584K
  class space    used 6004K, capacity 6419K, committed 6528K, reserved 1048576K
GC Heap History (20 events):
Event: 9.123 GC heap before
{Heap before GC invocations=8 (full 0):
 garbage-first heap   total 63488K, used 39123K [0x0000000080000000, 0x0000000100000000)
  region size 1024K, 24 young (24576K), 2 survivors (2048K)
 Metaspace       used 24887K, capacity 25442K, committed 25648K, reserved 1071104K
  class space    used 3213K, capacity 3418K, committed 3456K, reserved 1048576K
}
Event: 9.131 GC heap after
{Heap after GC invocations=9 (full 0):
 garbage-first heap   total 63488K, used 18593K [0x0000000080000000, 0x0000000100000000)
  region size 1024K, 3 young (3072K), 3 survivors (3072K)
 Metaspace       used 24887K, capacity 25442K, committed 25648K, reserved 1071104K
  class space    used 3213K, capacity 3418K, committed 3456K, reserved 1048576K
}
Event: 9.567 GC heap before
{Heap before GC invocations=9 (full 0):
 garbage-first heap   total 63488K, used 42145K [0x0000000080000000, 0x0000000100000000)
  region size 1024K, 26 young (26624K), 3 survivors (3072K)
 Metaspace       used 26737K, capacity 27377K, committed 27568K, reserved 1073152K
  class space    used 3522K, capacity 3789K, committed 3840K, reserved 1048576K
}
Event: 9.576 GC heap after
{Heap after GC invocations=10 (full 0):
 garbage-first heap   total 63488K, used 19164K [0x0000000080000000, 0x0000000100000000)
  region size 1024K, 3 young (3072K), 3 survivors (3072K)
 Metaspace       used 26737K, capacity 27377K, committed 27568K, reserved 1073152K
  class space    used 3522K, capacity 3789K, committed 3840K, reserved 1048576K
}
Event: 10.119 GC heap before
{Heap before GC invocations=10 (full 0):
 garbage-first heap   total 63488K, used 42716K [0x0000000080000000, 0x0000000100000000)
  region size 1024K, 26 young (26624K), 3 survivors (3072K)
 Metaspace       used 29145K, capacity 29867K, committed 30000K, reserved 1075200K
  class space    used 3901K, capacity 4171K, committed 4224K, reserved 1048576K
}
Event: 10.128 GC heap after
{Heap after GC invocations=11 (full 0):
 garbage-first heap   total 63488K, used 19963K [0x0000000080000000, 0x0000000100000000)
  region size 1024K, 3 young (3072K), 3 survivors (3072K)
 Metaspace       used 29145K, capacity 29867K, committed 30000K, reserved 1075200K
  class space    used 3901K, capacity 4171K, committed 4224K, reserved 1048576K
}
Event: 11.350 GC heap before
{Heap before GC invocations=11 (full 0):
 garbage-first heap   total 63488K, used 41467K [0x0000000080000000, 0x0000000100000000)
  region size 1024K, 25 young (25600K), 3 survivors (3072K)
 Metaspace       used 34852K, capacity 35614K, committed 35708K, reserved 1081344K
  class space    used 4530K, capacity 4832K, committed 4864K, reserved 1048576K
}
Event: 11.365 GC heap after
{Heap after GC invocations=12 (full 0):
 garbage-first heap   total 63488K, used 22758K [0x0000000080000000, 0x0000000100000000)
  region size 1024K, 4 young (4096K), 4 survivors (4096K)
 Metaspace       used 34852K, capacity 35614K, committed 35708K, reserved 1081344K
  class space    used 4530K, capacity 4832K, committed 4864K, reserved 1048576K
}
Event: 12.034 GC heap before
{Heap before GC invocations=13 (full 0):
 garbage-first heap   total 63488K, used 45286K [0x0000000080000000, 0x0000000100000000)
  region size 1024K, 27 young (27648K), 4 survivors (4096K)
 Metaspace       used 36076K, capacity 36922K, committed 37116K, reserved 1081344K
  class space    used 4642K, capacity 4923K, committed 4992K, reserved 1048576K
}
Event: 12.054 GC heap after
{Heap after GC invocations=14 (full 0):
 garbage-first heap   total 63488K, used 24760K [0x0000000080000000, 0x0000000100000000)
  region size 1024K, 3 young (3072K), 3 survivors (3072K)
 Metaspace       used 36076K, capacity 36922K, committed 37116K, reserved 1081344K
  class space    used 4642K, capacity 4923K, committed 4992K, reserved 1048576K
}
Event: 12.867 GC heap before
{Heap before GC invocations=14 (full 0):
 garbage-first heap   total 63488K, used 48312K [0x0000000080000000, 0x0000000100000000)
  region size 1024K, 24 young (24576K), 3 survivors (3072K)
 Metaspace       used 38570K, capacity 39497K, committed 39676K, reserved 1083392K
  class space    used 4914K, capacity 5246K, committed 5248K, reserved 1048576K
}
Event: 12.876 GC heap after
{Heap after GC invocations=15 (full 0):
 garbage-first heap   total 63488K, used 26459K [0x0000000080000000, 0x0000000100000000)
  region size 1024K, 2 young (2048K), 2 survivors (2048K)
 Metaspace       used 38570K, capacity 39497K, committed 39676K, reserved 1083392K
  class space    used 4914K, capacity 5246K, committed 5248K, reserved 1048576K
}
Event: 14.852 GC heap before
{Heap before GC invocations=15 (full 0):
 garbage-first heap   total 63488K, used 47963K [0x0000000080000000, 0x0000000100000000)
  region size 1024K, 23 young (23552K), 2 survivors (2048K)
 Metaspace       used 39643K, capacity 40636K, committed 40956K, reserved 1085440K
  class space    used 5051K, capacity 5393K, committed 5504K, reserved 1048576K
}
Event: 14.861 GC heap after
{Heap after GC invocations=16 (full 0):
 garbage-first heap   total 76800K, used 27958K [0x0000000080000000, 0x0000000100000000)
  region size 1024K, 2 young (2048K), 2 survivors (2048K)
 Metaspace       used 39643K, capacity 40636K, committed 40956K, reserved 1085440K
  class space    used 5051K, capacity 5393K, committed 5504K, reserved 1048576K
}
Event: 16.650 GC heap before
{Heap before GC invocations=16 (full 0):
 garbage-first heap   total 76800K, used 54582K [0x0000000080000000, 0x0000000100000000)
  region size 1024K, 28 young (28672K), 2 survivors (2048K)
 Metaspace       used 42520K, capacity 43582K, committed 43772K, reserved 1087488K
  class space    used 5384K, capacity 5749K, committed 5760K, reserved 1048576K
}
Event: 16.664 GC heap after
{Heap after GC invocations=17 (full 0):
 garbage-first heap   total 76800K, used 28577K [0x0000000080000000, 0x0000000100000000)
  region size 1024K, 3 young (3072K), 3 survivors (3072K)
 Metaspace       used 42520K, capacity 43582K, committed 43772K, reserved 1087488K
  class space    used 5384K, capacity 5749K, committed 5760K, reserved 1048576K
}
Event: 17.310 GC heap before
{Heap before GC invocations=17 (full 0):
 garbage-first heap   total 76800K, used 56225K [0x0000000080000000, 0x0000000100000000)
  region size 1024K, 30 young (30720K), 3 survivors (3072K)
 Metaspace       used 44339K, capacity 45474K, committed 45692K, reserved 1089536K
  class space    used 5672K, capacity 6041K, committed 6144K, reserved 1048576K
}
Event: 17.320 GC heap after
{Heap after GC invocations=18 (full 0):
 garbage-first heap   total 76800K, used 29740K [0x0000000080000000, 0x0000000100000000)
  region size 1024K, 2 young (2048K), 2 survivors (2048K)
 Metaspace       used 44339K, capacity 45474K, committed 45692K, reserved 1089536K
  class space    used 5672K, capacity 6041K, committed 6144K, reserved 1048576K
}
Event: 18.972 GC heap before
{Heap before GC invocations=18 (full 0):
 garbage-first heap   total 76800K, used 57388K [0x0000000080000000, 0x0000000100000000)
  region size 1024K, 29 young (29696K), 2 survivors (2048K)
 Metaspace       used 46430K, capacity 47720K, committed 47996K, reserved 1091584K
  class space    used 5921K, capacity 6361K, committed 6400K, reserved 1048576K
}
Event: 18.988 GC heap after
{Heap after GC invocations=19 (full 0):
 garbage-first heap   total 76800K, used 31486K [0x0000000080000000, 0x0000000100000000)
  region size 1024K, 4 young (4096K), 4 survivors (4096K)
 Metaspace       used 46430K, capacity 47720K, committed 47996K, reserved 1091584K
  class space    used 5921K, capacity 6361K, committed 6400K, reserved 1048576K
}

