# JRE version: OpenJDK Runtime Environment (11.0.10) (build 11.0.10+0-b96-7249189)
# Java VM: OpenJDK 64-Bit Server VM (11.0.10+0-b96-7249189, mixed mode, tiered, compressed oops, g1 gc, windows-amd64)
Heap:
 garbage-first heap   total 282624K, used 137718K [0x0000000080000000, 0x0000000100000000)
  region size 1024K, 4 young (4096K), 4 survivors (4096K)
 Metaspace       used 135128K, capacity 138510K, committed 138752K, reserved 1169408K
  class space    used 16849K, capacity 18102K, committed 18176K, reserved 1048576K
GC Heap History (20 events):
Event: 7563.673 GC heap after
{Heap after GC invocations=218 (full 0):
 garbage-first heap   total 235520K, used 134570K [0x0000000080000000, 0x0000000100000000)
  region size 1024K, 2 young (2048K), 2 survivors (2048K)
 Metaspace       used 135061K, capacity 138430K, committed 138752K, reserved 1169408K
  class space    used 16847K, capacity 18098K, committed 18176K, reserved 1048576K
}
Event: 7565.420 GC heap before
{Heap before GC invocations=219 (full 0):
 garbage-first heap   total 235520K, used 204202K [0x0000000080000000, 0x0000000100000000)
  region size 1024K, 70 young (71680K), 2 survivors (2048K)
 Metaspace       used 135067K, capacity 138430K, committed 138752K, reserved 1169408K
  class space    used 16847K, capacity 18098K, committed 18176K, reserved 1048576K
}
Event: 7565.441 GC heap after
{Heap after GC invocations=220 (full 0):
 garbage-first heap   total 235520K, used 136157K [0x0000000080000000, 0x0000000100000000)
  region size 1024K, 4 young (4096K), 4 survivors (4096K)
 Metaspace       used 135067K, capacity 138430K, committed 138752K, reserved 1169408K
  class space    used 16847K, capacity 18098K, committed 18176K, reserved 1048576K
}
Event: 7565.597 GC heap before
{Heap before GC invocations=220 (full 0):
 garbage-first heap   total 235520K, used 143325K [0x0000000080000000, 0x0000000100000000)
  region size 1024K, 11 young (11264K), 4 survivors (4096K)
 Metaspace       used 135067K, capacity 138430K, committed 138752K, reserved 1169408K
  class space    used 16847K, capacity 18098K, committed 18176K, reserved 1048576K
}
Event: 7565.616 GC heap after
{Heap after GC invocations=221 (full 0):
 garbage-first heap   total 235520K, used 135474K [0x0000000080000000, 0x0000000100000000)
  region size 1024K, 1 young (1024K), 1 survivors (1024K)
 Metaspace       used 135067K, capacity 138430K, committed 138752K, reserved 1169408K
  class space    used 16847K, capacity 18098K, committed 18176K, reserved 1048576K
}
Event: 7566.355 GC heap before
{Heap before GC invocations=221 (full 0):
 garbage-first heap   total 235520K, used 204082K [0x0000000080000000, 0x0000000100000000)
  region size 1024K, 68 young (69632K), 1 survivors (1024K)
 Metaspace       used 135071K, capacity 138430K, committed 138752K, reserved 1169408K
  class space    used 16847K, capacity 18098K, committed 18176K, reserved 1048576K
}
Event: 7566.367 GC heap after
{Heap after GC invocations=222 (full 0):
 garbage-first heap   total 235520K, used 135893K [0x0000000080000000, 0x0000000100000000)
  region size 1024K, 1 young (1024K), 1 survivors (1024K)
 Metaspace       used 135071K, capacity 138430K, committed 138752K, reserved 1169408K
  class space    used 16847K, capacity 18098K, committed 18176K, reserved 1048576K
}
Event: 7568.254 GC heap before
{Heap before GC invocations=223 (full 0):
 garbage-first heap   total 235520K, used 203477K [0x0000000080000000, 0x0000000100000000)
  region size 1024K, 68 young (69632K), 1 survivors (1024K)
 Metaspace       used 135099K, capacity 138442K, committed 138752K, reserved 1169408K
  class space    used 16849K, capacity 18101K, committed 18176K, reserved 1048576K
}
Event: 7568.269 GC heap after
{Heap after GC invocations=224 (full 0):
 garbage-first heap   total 235520K, used 136669K [0x0000000080000000, 0x0000000100000000)
  region size 1024K, 2 young (2048K), 2 survivors (2048K)
 Metaspace       used 135099K, capacity 138442K, committed 138752K, reserved 1169408K
  class space    used 16849K, capacity 18101K, committed 18176K, reserved 1048576K
}
Event: 7568.524 GC heap before
{Heap before GC invocations=224 (full 0):
 garbage-first heap   total 235520K, used 145885K [0x0000000080000000, 0x0000000100000000)
  region size 1024K, 11 young (11264K), 2 survivors (2048K)
 Metaspace       used 135100K, capacity 138442K, committed 138752K, reserved 1169408K
  class space    used 16849K, capacity 18101K, committed 18176K, reserved 1048576K
}
Event: 7568.533 GC heap after
{Heap after GC invocations=225 (full 0):
 garbage-first heap   total 235520K, used 135241K [0x0000000080000000, 0x0000000100000000)
  region size 1024K, 1 young (1024K), 1 survivors (1024K)
 Metaspace       used 135100K, capacity 138442K, committed 138752K, reserved 1169408K
  class space    used 16849K, capacity 18101K, committed 18176K, reserved 1048576K
}
Event: 7569.434 GC heap before
{Heap before GC invocations=225 (full 0):
 garbage-first heap   total 235520K, used 203849K [0x0000000080000000, 0x0000000100000000)
  region size 1024K, 68 young (69632K), 1 survivors (1024K)
 Metaspace       used 135101K, capacity 138442K, committed 138752K, reserved 1169408K
  class space    used 16849K, capacity 18101K, committed 18176K, reserved 1048576K
}
Event: 7569.446 GC heap after
{Heap after GC invocations=226 (full 0):
 garbage-first heap   total 235520K, used 136579K [0x0000000080000000, 0x0000000100000000)
  region size 1024K, 2 young (2048K), 2 survivors (2048K)
 Metaspace       used 135101K, capacity 138442K, committed 138752K, reserved 1169408K
  class space    used 16849K, capacity 18101K, committed 18176K, reserved 1048576K
}
Event: 7571.772 GC heap before
{Heap before GC invocations=227 (full 0):
 garbage-first heap   total 235520K, used 205187K [0x0000000080000000, 0x0000000100000000)
  region size 1024K, 69 young (70656K), 2 survivors (2048K)
 Metaspace       used 135109K, capacity 138445K, committed 138752K, reserved 1169408K
  class space    used 16849K, capacity 18102K, committed 18176K, reserved 1048576K
}
Event: 7571.786 GC heap after
{Heap after GC invocations=228 (full 0):
 garbage-first heap   total 235520K, used 136610K [0x0000000080000000, 0x0000000100000000)
  region size 1024K, 2 young (2048K), 2 survivors (2048K)
 Metaspace       used 135109K, capacity 138445K, committed 138752K, reserved 1169408K
  class space    used 16849K, capacity 18102K, committed 18176K, reserved 1048576K
}
Event: 7571.888 GC heap before
{Heap before GC invocations=228 (full 0):
 garbage-first heap   total 235520K, used 144802K [0x0000000080000000, 0x0000000100000000)
  region size 1024K, 11 young (11264K), 2 survivors (2048K)
 Metaspace       used 135113K, capacity 138445K, committed 138752K, reserved 1169408K
  class space    used 16849K, capacity 18102K, committed 18176K, reserved 1048576K
}
Event: 7571.906 GC heap after
{Heap after GC invocations=229 (full 0):
 garbage-first heap   total 235520K, used 135309K [0x0000000080000000, 0x0000000100000000)
  region size 1024K, 1 young (1024K), 1 survivors (1024K)
 Metaspace       used 135113K, capacity 138445K, committed 138752K, reserved 1169408K
  class space    used 16849K, capacity 18102K, committed 18176K, reserved 1048576K
}
Event: 7572.645 GC heap before
{Heap before GC invocations=229 (full 0):
 garbage-first heap   total 235520K, used 204941K [0x0000000080000000, 0x0000000100000000)
  region size 1024K, 69 young (70656K), 1 survivors (1024K)
 Metaspace       used 135117K, capacity 138445K, committed 138752K, reserved 1169408K
  class space    used 16849K, capacity 18102K, committed 18176K, reserved 1048576K
}
Event: 7572.667 GC heap after
{Heap after GC invocations=230 (full 0):
 garbage-first heap   total 235520K, used 137103K [0x0000000080000000, 0x0000000100000000)
  region size 1024K, 3 young (3072K), 3 survivors (3072K)
 Metaspace       used 135117K, capacity 138445K, committed 138752K, reserved 1169408K
  class space    used 16849K, capacity 18102K, committed 18176K, reserved 1048576K
}
Event: 7574.056 GC heap before
{Heap before GC invocations=231 (full 0):
 garbage-first heap   total 235520K, used 204687K [0x0000000080000000, 0x0000000100000000)
  region size 1024K, 69 young (70656K), 3 survivors (3072K)
 Metaspace       used 135128K, capacity 138510K, committed 138752K, reserved 1169408K
  class space    used 16849K, capacity 18102K, committed 18176K, reserved 1048576K
}

